<?xml version="1.0" encoding="UTF-8"?>
<!-- Generated by org.testng.reporters.JUnitXMLReporter -->
<testsuite ignored="8" hostname="Vivek" failures="0" tests="5" name="Test1" time="146.342" errors="0" timestamp="2023-07-14T12:02:24 IST">
  <testcase classname="Opportunities.CreateOpprtunitiesWithContactsTest" name="createOpprtunitiesWithContactsTest" time="36.33"/>
  <testcase classname="Organisation.CreateOrganizationWithChemicalsTest" name="createOrganizationWithChemicalsTest" time="18.583"/>
  <testcase classname="Documents.CreateDocumentUsingDownloadTypeTest" name="createDocumentTest" time="12.391"/>
  <testcase classname="Documents.CreateDoucumentTest" name="createDocumentTest" time="15.163"/>
  <testcase classname="Leads.CreateLeadsWithLeadSourceTest" name="createLeadWithLeadSourceTest" time="15.898"/>
  <testcase classname="com.generic.utilities.BaseClass" name="@BeforeSuite BS" time="0.0">
    <ignored/>
  </testcase> <!-- @BeforeSuite BS -->
  <testcase classname="com.generic.utilities.BaseClass" name="@BeforeSuite BS" time="0.0">
    <ignored/>
  </testcase> <!-- @BeforeSuite BS -->
  <testcase classname="com.generic.utilities.BaseClass" name="@BeforeSuite BS" time="0.0">
    <ignored/>
  </testcase> <!-- @BeforeSuite BS -->
  <testcase classname="com.generic.utilities.BaseClass" name="@BeforeSuite BS" time="0.0">
    <ignored/>
  </testcase> <!-- @BeforeSuite BS -->
  <testcase classname="com.generic.utilities.BaseClass" name="@AfterSuite AS" time="0.0">
    <ignored/>
  </testcase> <!-- @AfterSuite AS -->
  <testcase classname="com.generic.utilities.BaseClass" name="@AfterSuite AS" time="0.0">
    <ignored/>
  </testcase> <!-- @AfterSuite AS -->
  <testcase classname="com.generic.utilities.BaseClass" name="@AfterSuite AS" time="0.0">
    <ignored/>
  </testcase> <!-- @AfterSuite AS -->
  <testcase classname="com.generic.utilities.BaseClass" name="@AfterSuite AS" time="0.0">
    <ignored/>
  </testcase> <!-- @AfterSuite AS -->
</testsuite> <!-- Test1 -->
