<?xml version="1.0" encoding="UTF-8"?>
<!-- Generated by org.testng.reporters.JUnitXMLReporter -->
<testsuite ignored="6" hostname="Vivek" failures="0" tests="4" name="Test2" time="126.466" errors="0" timestamp="2023-07-15T15:33:30 IST">
  <testcase classname="Opportunities.CreateOpportunitiesTest" name="createOpportunitiesTest" time="38.549"/>
  <testcase classname="Campaigns.CreateCampaignsTest" name="createCampaignsTest" time="11.924"/>
  <testcase classname="Documents.CreateDocumentUsingDescriptionTest" name="createDocumentTest" time="13.772"/>
  <testcase classname="Documents.CreateDocumentUsingUploadFileTest" name="createDocumentTest" time="16.941"/>
  <testcase classname="com.generic.utilities.BaseClass" name="@BeforeSuite BS" time="0.0">
    <ignored/>
  </testcase> <!-- @BeforeSuite BS -->
  <testcase classname="com.generic.utilities.BaseClass" name="@BeforeSuite BS" time="0.0">
    <ignored/>
  </testcase> <!-- @BeforeSuite BS -->
  <testcase classname="com.generic.utilities.BaseClass" name="@BeforeSuite BS" time="0.0">
    <ignored/>
  </testcase> <!-- @BeforeSuite BS -->
  <testcase classname="com.generic.utilities.BaseClass" name="@AfterSuite AS" time="0.0">
    <ignored/>
  </testcase> <!-- @AfterSuite AS -->
  <testcase classname="com.generic.utilities.BaseClass" name="@AfterSuite AS" time="0.0">
    <ignored/>
  </testcase> <!-- @AfterSuite AS -->
  <testcase classname="com.generic.utilities.BaseClass" name="@AfterSuite AS" time="0.0">
    <ignored/>
  </testcase> <!-- @AfterSuite AS -->
</testsuite> <!-- Test2 -->
