<?xml version="1.0" encoding="UTF-8"?>
<!-- Generated by org.testng.reporters.JUnitXMLReporter -->
<testsuite ignored="6" hostname="Vivek" failures="0" tests="4" name="Test2" time="128.29" errors="0" timestamp="2023-07-14T12:02:07 IST">
  <testcase classname="Opportunities.CreateOpportunitiesTest" name="createOpportunitiesTest" time="34.445"/>
  <testcase classname="Campaigns.CreateCampaignsTest" name="createCampaignsTest" time="15.67"/>
  <testcase classname="Documents.CreateDocumentUsingDescriptionTest" name="createDocumentTest" time="16.011"/>
  <testcase classname="Documents.CreateDocumentUsingUploadFileTest" name="createDocumentTest" time="17.524"/>
  <testcase classname="com.generic.utilities.BaseClass" name="@BeforeSuite BS" time="0.0">
    <ignored/>
  </testcase> <!-- @BeforeSuite BS -->
  <testcase classname="com.generic.utilities.BaseClass" name="@BeforeSuite BS" time="0.0">
    <ignored/>
  </testcase> <!-- @BeforeSuite BS -->
  <testcase classname="com.generic.utilities.BaseClass" name="@BeforeSuite BS" time="0.0">
    <ignored/>
  </testcase> <!-- @BeforeSuite BS -->
  <testcase classname="com.generic.utilities.BaseClass" name="@AfterSuite AS" time="0.0">
    <ignored/>
  </testcase> <!-- @AfterSuite AS -->
  <testcase classname="com.generic.utilities.BaseClass" name="@AfterSuite AS" time="0.0">
    <ignored/>
  </testcase> <!-- @AfterSuite AS -->
  <testcase classname="com.generic.utilities.BaseClass" name="@AfterSuite AS" time="0.0">
    <ignored/>
  </testcase> <!-- @AfterSuite AS -->
</testsuite> <!-- Test2 -->
