<?xml version="1.0" encoding="UTF-8"?>
<!-- Generated by org.testng.reporters.JUnitXMLReporter -->
<testsuite ignored="0" hostname="Vivek" failures="0" tests="1" name="Test1" time="0.742" errors="0" timestamp="2023-06-11T09:57:26 IST">
  <testcase classname="com.generic.utilities.BaseClass" name="@BeforeMethod BMLoginTOApplication" time="0.057">
    <failure type="java.lang.NullPointerException" message="Cannot invoke &amp;quot;org.openqa.selenium.SearchContext.findElement(org.openqa.selenium.By)&amp;quot; because &amp;quot;this.searchContext&amp;quot; is null">
      <![CDATA[java.lang.NullPointerException: Cannot invoke "org.openqa.selenium.SearchContext.findElement(org.openqa.selenium.By)" because "this.searchContext" is null
at org.openqa.selenium.support.pagefactory.DefaultElementLocator.findElement(DefaultElementLocator.java:70)
at org.openqa.selenium.support.pagefactory.internal.LocatingElementHandler.invoke(LocatingElementHandler.java:39)
at jdk.proxy2/jdk.proxy2.$Proxy18.sendKeys(Unknown Source)
at object.repository.LoginPage.loginToApplication(LoginPage.java:36)
at com.generic.utilities.BaseClass.BMLoginTOApplication(BaseClass.java:64)
at java.base/java.util.ArrayList.forEach(ArrayList.java:1511)
at java.base/java.util.concurrent.FutureTask.run(FutureTask.java:264)
at java.base/java.util.concurrent.ThreadPoolExecutor.runWorker(ThreadPoolExecutor.java:1136)
at java.base/java.util.concurrent.ThreadPoolExecutor$Worker.run(ThreadPoolExecutor.java:635)
at java.base/java.lang.Thread.run(Thread.java:833)
... Removed 22 stack frames]]>
    </failure>
  </testcase> <!-- @BeforeMethod BMLoginTOApplication -->
  <testcase classname="com.generic.utilities.BaseClass" name="@BeforeMethod BMLoginTOApplication" time="0.057">
    <failure type="java.lang.NullPointerException" message="Cannot invoke &amp;quot;org.openqa.selenium.SearchContext.findElement(org.openqa.selenium.By)&amp;quot; because &amp;quot;this.searchContext&amp;quot; is null">
      <![CDATA[java.lang.NullPointerException: Cannot invoke "org.openqa.selenium.SearchContext.findElement(org.openqa.selenium.By)" because "this.searchContext" is null
at org.openqa.selenium.support.pagefactory.DefaultElementLocator.findElement(DefaultElementLocator.java:70)
at org.openqa.selenium.support.pagefactory.internal.LocatingElementHandler.invoke(LocatingElementHandler.java:39)
at jdk.proxy2/jdk.proxy2.$Proxy18.sendKeys(Unknown Source)
at object.repository.LoginPage.loginToApplication(LoginPage.java:36)
at com.generic.utilities.BaseClass.BMLoginTOApplication(BaseClass.java:64)
at java.base/java.util.ArrayList.forEach(ArrayList.java:1511)
at java.base/java.util.concurrent.FutureTask.run(FutureTask.java:264)
at java.base/java.util.concurrent.ThreadPoolExecutor.runWorker(ThreadPoolExecutor.java:1136)
at java.base/java.util.concurrent.ThreadPoolExecutor$Worker.run(ThreadPoolExecutor.java:635)
at java.base/java.lang.Thread.run(Thread.java:833)
... Removed 22 stack frames]]>
    </failure>
  </testcase> <!-- @BeforeMethod BMLoginTOApplication -->
  <testcase classname="com.generic.utilities.BaseClass" name="@AfterMethod AMLogoutTOApplication" time="-1.686457645283E9">
    <skipped/>
  </testcase> <!-- @AfterMethod AMLogoutTOApplication -->
  <testcase classname="com.generic.utilities.BaseClass" name="@AfterMethod AMLogoutTOApplication" time="-1.686457645281E9">
    <skipped/>
  </testcase> <!-- @AfterMethod AMLogoutTOApplication -->
  <testcase classname="com.generic.utilities.BaseClass" name="@AfterTest ACCloseBrowser" time="0.0">
    <failure type="java.lang.NullPointerException" message="Cannot invoke &amp;quot;org.openqa.selenium.WebDriver.quit()&amp;quot; because &amp;quot;this.d&amp;quot; is null">
      <![CDATA[java.lang.NullPointerException: Cannot invoke "org.openqa.selenium.WebDriver.quit()" because "this.d" is null
at com.generic.utilities.BaseClass.ACCloseBrowser(BaseClass.java:76)
at java.base/java.util.concurrent.FutureTask.run(FutureTask.java:264)
at java.base/java.util.concurrent.ThreadPoolExecutor.runWorker(ThreadPoolExecutor.java:1136)
at java.base/java.util.concurrent.ThreadPoolExecutor$Worker.run(ThreadPoolExecutor.java:635)
at java.base/java.lang.Thread.run(Thread.java:833)
... Removed 15 stack frames]]>
    </failure>
  </testcase> <!-- @AfterTest ACCloseBrowser -->
  <testcase classname="com.generic.utilities.BaseClass" name="@AfterTest BCLaunchBrowser" time="-1.686457645297E9">
    <skipped/>
  </testcase> <!-- @AfterTest BCLaunchBrowser -->
  <testcase classname="com.generic.utilities.BaseClass" name="@AfterTest ACCloseBrowser" time="0.001">
    <failure type="java.lang.NullPointerException" message="Cannot invoke &amp;quot;org.openqa.selenium.WebDriver.quit()&amp;quot; because &amp;quot;this.d&amp;quot; is null">
      <![CDATA[java.lang.NullPointerException: Cannot invoke "org.openqa.selenium.WebDriver.quit()" because "this.d" is null
at com.generic.utilities.BaseClass.ACCloseBrowser(BaseClass.java:76)
at java.base/java.util.concurrent.FutureTask.run(FutureTask.java:264)
at java.base/java.util.concurrent.ThreadPoolExecutor.runWorker(ThreadPoolExecutor.java:1136)
at java.base/java.util.concurrent.ThreadPoolExecutor$Worker.run(ThreadPoolExecutor.java:635)
at java.base/java.lang.Thread.run(Thread.java:833)
... Removed 15 stack frames]]>
    </failure>
  </testcase> <!-- @AfterTest ACCloseBrowser -->
  <testcase classname="com.generic.utilities.BaseClass" name="@AfterTest BCLaunchBrowser" time="-1.686457645302E9">
    <skipped/>
  </testcase> <!-- @AfterTest BCLaunchBrowser -->
  <testcase classname="Organisation.CreateOrganizationWithChemicalsTest" name="createOrganizationWithChemicalsTest" time="0.0">
    <skipped/>
  </testcase> <!-- createOrganizationWithChemicalsTest -->
</testsuite> <!-- Test1 -->
