<?xml version="1.0" encoding="UTF-8"?>
<!-- Generated by org.testng.reporters.JUnitXMLReporter -->
<testsuite ignored="2" hostname="Vivek" failures="1" tests="2" name="Test" time="34.462" errors="0" timestamp="2023-06-11T17:41:39 IST">
  <testcase classname="Organisation.CreateOrganizationWithChemicalsTest" name="createOrganizationWithChemicalsTest" time="4.71">
    <failure type="java.lang.AssertionError" message="Error expected [null] but found [Administrator - Organizations - vtiger CRM 5 - Commercial Open Source CRM]">
      <![CDATA[java.lang.AssertionError: Error expected [null] but found [Administrator - Organizations - vtiger CRM 5 - Commercial Open Source CRM]
at Organisation.CreateOrganizationWithChemicalsTest.createOrganizationWithChemicalsTest(CreateOrganizationWithChemicalsTest.java:34)
at java.base/java.util.ArrayList.forEach(ArrayList.java:1511)
... Removed 32 stack frames]]>
    </failure>
  </testcase> <!-- createOrganizationWithChemicalsTest -->
  <testcase classname="Contacts.CreateContactTest" name="createContactTest" time="17.642"/>
  <testcase classname="com.generic.utilities.BaseClass" name="@BeforeSuite BS" time="0.0">
    <ignored/>
  </testcase> <!-- @BeforeSuite BS -->
  <testcase classname="com.generic.utilities.BaseClass" name="@AfterSuite AS" time="0.0">
    <ignored/>
  </testcase> <!-- @AfterSuite AS -->
</testsuite> <!-- Test -->
