<?xml version="1.0" encoding="UTF-8"?>
<!-- Generated by org.testng.reporters.JUnitXMLReporter -->
<testsuite ignored="6" hostname="Vivek" failures="0" tests="4" name="Test" time="105.609" errors="0" timestamp="2023-07-03T12:45:19 IST">
  <testcase classname="Organisation.CreateOrganizationWithChemicalsTest" name="createOrganizationWithChemicalsTest" time="10.932"/>
  <testcase classname="Contacts.CreateContactTest" name="createContactTest" time="23.098"/>
  <testcase classname="Leads.CreateLeadsWithLeadSourceTest" name="createLeadWithLeadSourceTest" time="9.476"/>
  <testcase classname="Opportunities.CreateOpportunitiesTest" name="createOpportunitiesTest" time="24.394"/>
  <testcase classname="com.generic.utilities.BaseClass" name="@BeforeSuite BS" time="0.0">
    <ignored/>
  </testcase> <!-- @BeforeSuite BS -->
  <testcase classname="com.generic.utilities.BaseClass" name="@BeforeSuite BS" time="0.0">
    <ignored/>
  </testcase> <!-- @BeforeSuite BS -->
  <testcase classname="com.generic.utilities.BaseClass" name="@BeforeSuite BS" time="0.0">
    <ignored/>
  </testcase> <!-- @BeforeSuite BS -->
  <testcase classname="com.generic.utilities.BaseClass" name="@AfterSuite AS" time="0.0">
    <ignored/>
  </testcase> <!-- @AfterSuite AS -->
  <testcase classname="com.generic.utilities.BaseClass" name="@AfterSuite AS" time="0.0">
    <ignored/>
  </testcase> <!-- @AfterSuite AS -->
  <testcase classname="com.generic.utilities.BaseClass" name="@AfterSuite AS" time="0.0">
    <ignored/>
  </testcase> <!-- @AfterSuite AS -->
</testsuite> <!-- Test -->
