<?xml version="1.0" encoding="UTF-8"?>
<!-- Generated by org.testng.reporters.JUnitXMLReporter -->
<testsuite ignored="2" hostname="Vivek" failures="0" tests="2" name="Test2(failed)" time="60.07" errors="0" timestamp="2023-07-14T11:35:34 IST">
  <testcase classname="Documents.CreateDocumentUsingDescriptionTest" name="createDocumentTest" time="10.955"/>
  <testcase classname="Opportunities.CreateOpportunitiesTest" name="createOpportunitiesTest" time="30.379"/>
  <testcase classname="com.generic.utilities.BaseClass" name="@BeforeSuite BS" time="0.0">
    <ignored/>
  </testcase> <!-- @BeforeSuite BS -->
  <testcase classname="com.generic.utilities.BaseClass" name="@AfterSuite AS" time="0.0">
    <ignored/>
  </testcase> <!-- @AfterSuite AS -->
</testsuite> <!-- Test2(failed) -->
