<?xml version="1.0" encoding="UTF-8"?>
<testsuite xmlns:xsi="http://www.w3.org/2001/XMLSchema-instance" xsi:noNamespaceSchemaLocation="https://maven.apache.org/surefire/maven-surefire-plugin/xsd/surefire-test-report-3.0.xsd" version="3.0" name="TestSuite" time="262.386" tests="11" errors="0" skipped="0" failures="0">
  <properties>
[...]
</properties>
  <testcase name="createOrganizationWithChemicalsTest" classname="Organisation.CreateOrganizationWithChemicalsTest" time="10.446">
    <system-out><![CDATA[===== DB Connection Successful =====
 ***** Execution Started ***** 
createOrganizationWithChemicalsTest ***** IT execution started ***** 
Organisation link click successful
Create Organisation look up IMG link click successful
Organisation & Industry entered successful
Bipro977 create successfully...!
createOrganizationWithChemicalsTest ***** Test execution successful ***** 
]]></system-out>
    <system-err><![CDATA[SLF4J: Failed to load class "org.slf4j.impl.StaticLoggerBinder".
SLF4J: Defaulting to no-operation (NOP) logger implementation
SLF4J: See http://www.slf4j.org/codes.html#StaticLoggerBinder for further details.
1692461235951	geckodriver	INFO	Listening on 127.0.0.1:30210
1692461236396	mozrunner::runner	INFO	Running command: "C:\\Program Files (x86)\\Mozilla Firefox\\firefox.exe" "--marionette" "--remote-debugging-port" "40799" "--remote-allow-hosts" "localhost" "--remote-allow-origins" "http://127.0.0.1:40799/,http://localhost:40799/,http://[::1]:40799/" "-no-remote" "-profile" "C:\\Users\\vivek\\AppData\\Local\\Temp\\rust_mozprofilebvwLhu"
console.warn: services.settings: Ignoring preference override of remote settings server
console.warn: services.settings: Allow by setting MOZ_REMOTE_SETTINGS_DEVTOOLS=1 in the environment
1692461236921	Marionette	INFO	Marionette enabled
Dynamically enable window occlusion 0
1692461236929	Marionette	INFO	Listening on port 60395
Read port: 60395
WebDriver BiDi listening on ws://127.0.0.1:40799
1692461237155	RemoteAgent	WARN	TLS certificate errors will be ignored for this session
DevTools listening on ws://127.0.0.1:40799/devtools/browser/33078c99-4e66-4a0c-8d57-0d4a211301bd
console.warn: LoginRecipes: "Falling back to a synchronous message for: http://localhost:8888."
console.warn: LoginRecipes: "Falling back to a synchronous message for: http://localhost:8888."
JavaScript warning: http://localhost:8888/jscalendar/calendar.js, line 1695: unreachable code after return statement
JavaScript warning: http://localhost:8888/jscalendar/calendar.js, line 1695: unreachable code after return statement
JavaScript warning: http://localhost:8888/jscalendar/calendar.js, line 1695: unreachable code after return statement
JavaScript warning: http://localhost:8888/jscalendar/calendar.js, line 1695: unreachable code after return statement
]]></system-err>
  </testcase>
  <testcase name="createProductTest" classname="Product.CreateProductTest" time="8.558">
    <system-out><![CDATA[createProductTest ***** IT execution started ***** 
createProductTest ***** Test execution successful ***** 
]]></system-out>
    <system-err><![CDATA[1692461254826	RemoteAgent	INFO	Perform WebSocket upgrade for incoming connection from 127.0.0.1:60447
1692461254834	CDP	WARN	Invalid browser preferences for CDP. Set "fission.webContentIsolationStrategy"to 0 and "fission.bfcacheInParent" to false before Firefox starts.
1692461254896	Marionette	INFO	Stopped listening on port 60395
Dynamically enable window occlusion 1
1692461260628	geckodriver	INFO	Listening on 127.0.0.1:39824
1692461260662	mozrunner::runner	INFO	Running command: "C:\\Program Files (x86)\\Mozilla Firefox\\firefox.exe" "--marionette" "--remote-debugging-port" "31144" "--remote-allow-hosts" "localhost" "--remote-allow-origins" "http://127.0.0.1:31144/,http://localhost:31144/,http://[::1]:31144/" "-no-remote" "-profile" "C:\\Users\\vivek\\AppData\\Local\\Temp\\rust_mozprofileurXPo7"
console.warn: services.settings: Ignoring preference override of remote settings server
console.warn: services.settings: Allow by setting MOZ_REMOTE_SETTINGS_DEVTOOLS=1 in the environment
1692461261078	Marionette	INFO	Marionette enabled
Dynamically enable window occlusion 0
1692461261084	Marionette	INFO	Listening on port 60457
Read port: 60457
WebDriver BiDi listening on ws://127.0.0.1:31144
1692461261300	RemoteAgent	WARN	TLS certificate errors will be ignored for this session
DevTools listening on ws://127.0.0.1:31144/devtools/browser/07be8b58-8c0d-4fa5-9c32-e9531239432c
console.warn: LoginRecipes: "Falling back to a synchronous message for: http://localhost:8888."
console.warn: LoginRecipes: "Falling back to a synchronous message for: http://localhost:8888."
JavaScript warning: http://localhost:8888/jscalendar/calendar.js, line 1695: unreachable code after return statement
JavaScript warning: http://localhost:8888/jscalendar/calendar.js, line 1695: unreachable code after return statement
JavaScript warning: http://localhost:8888/jscalendar/calendar.js, line 1695: unreachable code after return statement
JavaScript warning: http://localhost:8888/jscalendar/calendar.js, line 1695: unreachable code after return statement
]]></system-err>
  </testcase>
  <testcase name="createNewServices" classname="Services.CreateNewService" time="7.297">
    <system-out><![CDATA[createNewServices ***** IT execution started ***** 
createNewServices ***** Test execution successful ***** 
]]></system-out>
    <system-err><![CDATA[1692461275437	RemoteAgent	INFO	Perform WebSocket upgrade for incoming connection from 127.0.0.1:60501
1692461275446	CDP	WARN	Invalid browser preferences for CDP. Set "fission.webContentIsolationStrategy"to 0 and "fission.bfcacheInParent" to false before Firefox starts.
1692461275451	Marionette	INFO	Stopped listening on port 60457
Dynamically enable window occlusion 1
1692461279700	geckodriver	INFO	Listening on 127.0.0.1:36998
1692461279744	mozrunner::runner	INFO	Running command: "C:\\Program Files (x86)\\Mozilla Firefox\\firefox.exe" "--marionette" "--remote-debugging-port" "30308" "--remote-allow-hosts" "localhost" "--remote-allow-origins" "http://127.0.0.1:30308/,http://localhost:30308/,http://[::1]:30308/" "-no-remote" "-profile" "C:\\Users\\vivek\\AppData\\Local\\Temp\\rust_mozprofileqZpy93"
console.warn: services.settings: Ignoring preference override of remote settings server
console.warn: services.settings: Allow by setting MOZ_REMOTE_SETTINGS_DEVTOOLS=1 in the environment
1692461280167	Marionette	INFO	Marionette enabled
Dynamically enable window occlusion 0
1692461280173	Marionette	INFO	Listening on port 60511
Read port: 60511
WebDriver BiDi listening on ws://127.0.0.1:30308
1692461280414	RemoteAgent	WARN	TLS certificate errors will be ignored for this session
DevTools listening on ws://127.0.0.1:30308/devtools/browser/825df6ae-37c8-44d6-a4f9-85b6e5b0bca7
console.warn: LoginRecipes: "Falling back to a synchronous message for: http://localhost:8888."
console.warn: LoginRecipes: "Falling back to a synchronous message for: http://localhost:8888."
JavaScript warning: http://localhost:8888/jscalendar/calendar.js, line 1695: unreachable code after return statement
JavaScript warning: http://localhost:8888/jscalendar/calendar.js, line 1695: unreachable code after return statement
JavaScript warning: http://localhost:8888/jscalendar/calendar.js, line 1695: unreachable code after return statement
JavaScript warning: http://localhost:8888/jscalendar/calendar.js, line 1695: unreachable code after return statement
]]></system-err>
  </testcase>
  <testcase name="createTroubleTicketsTest" classname="TroubleTickets.CreateTroubleTicketsTest" time="9.122">
    <system-out><![CDATA[createTroubleTicketsTest ***** IT execution started ***** 
createTroubleTicketsTest ***** Test execution successful ***** 
]]></system-out>
    <system-err><![CDATA[1692461294357	RemoteAgent	INFO	Perform WebSocket upgrade for incoming connection from 127.0.0.1:60558
1692461294365	CDP	WARN	Invalid browser preferences for CDP. Set "fission.webContentIsolationStrategy"to 0 and "fission.bfcacheInParent" to false before Firefox starts.
1692461294388	Marionette	INFO	Stopped listening on port 60511
Dynamically enable window occlusion 1
1692461298394	geckodriver	INFO	Listening on 127.0.0.1:31165
1692461298451	mozrunner::runner	INFO	Running command: "C:\\Program Files (x86)\\Mozilla Firefox\\firefox.exe" "--marionette" "--remote-debugging-port" "3757" "--remote-allow-hosts" "localhost" "--remote-allow-origins" "http://127.0.0.1:3757/,http://localhost:3757/,http://[::1]:3757/" "-no-remote" "-profile" "C:\\Users\\vivek\\AppData\\Local\\Temp\\rust_mozprofileD40W83"
console.warn: services.settings: Ignoring preference override of remote settings server
console.warn: services.settings: Allow by setting MOZ_REMOTE_SETTINGS_DEVTOOLS=1 in the environment
1692461298865	Marionette	INFO	Marionette enabled
Dynamically enable window occlusion 0
1692461298874	Marionette	INFO	Listening on port 60568
Read port: 60568
WebDriver BiDi listening on ws://127.0.0.1:3757
1692461299084	RemoteAgent	WARN	TLS certificate errors will be ignored for this session
DevTools listening on ws://127.0.0.1:3757/devtools/browser/d64892ea-80f8-4947-9c58-0755cf736414
console.warn: LoginRecipes: "Falling back to a synchronous message for: http://localhost:8888."
console.warn: LoginRecipes: "Falling back to a synchronous message for: http://localhost:8888."
JavaScript warning: http://localhost:8888/jscalendar/calendar.js, line 1695: unreachable code after return statement
JavaScript warning: http://localhost:8888/jscalendar/calendar.js, line 1695: unreachable code after return statement
JavaScript warning: http://localhost:8888/jscalendar/calendar.js, line 1695: unreachable code after return statement
JavaScript warning: http://localhost:8888/jscalendar/calendar.js, line 1695: unreachable code after return statement
]]></system-err>
  </testcase>
  <testcase name="creatNewAssetTest" classname="Assets.CreateNewAssetTest" time="21.911">
    <system-out><![CDATA[creatNewAssetTest ***** IT execution started ***** 
Organisation link click successful
Create Organisation look up IMG link click successful
Organisation & Industry entered successful
Bipro776 create successfully...!
creatNewAssetTest ***** Test execution successful ***** 
]]></system-out>
    <system-err><![CDATA[1692461314098	RemoteAgent	INFO	Perform WebSocket upgrade for incoming connection from 127.0.0.1:60612
1692461314109	CDP	WARN	Invalid browser preferences for CDP. Set "fission.webContentIsolationStrategy"to 0 and "fission.bfcacheInParent" to false before Firefox starts.
1692461314122	Marionette	INFO	Stopped listening on port 60568
Dynamically enable window occlusion 1
1692461318699	geckodriver	INFO	Listening on 127.0.0.1:25295
1692461318731	mozrunner::runner	INFO	Running command: "C:\\Program Files (x86)\\Mozilla Firefox\\firefox.exe" "--marionette" "--remote-debugging-port" "28554" "--remote-allow-hosts" "localhost" "--remote-allow-origins" "http://127.0.0.1:28554/,http://localhost:28554/,http://[::1]:28554/" "-no-remote" "-profile" "C:\\Users\\vivek\\AppData\\Local\\Temp\\rust_mozprofilexJwADd"
console.warn: services.settings: Ignoring preference override of remote settings server
console.warn: services.settings: Allow by setting MOZ_REMOTE_SETTINGS_DEVTOOLS=1 in the environment
1692461319131	Marionette	INFO	Marionette enabled
Dynamically enable window occlusion 0
1692461319139	Marionette	INFO	Listening on port 60623
Read port: 60623
WebDriver BiDi listening on ws://127.0.0.1:28554
1692461319355	RemoteAgent	WARN	TLS certificate errors will be ignored for this session
DevTools listening on ws://127.0.0.1:28554/devtools/browser/cd8d428f-c6d5-4a2c-ae1c-35839d83fc92
console.warn: LoginRecipes: "Falling back to a synchronous message for: http://localhost:8888."
console.warn: LoginRecipes: "Falling back to a synchronous message for: http://localhost:8888."
JavaScript warning: http://localhost:8888/jscalendar/calendar.js, line 1695: unreachable code after return statement
JavaScript warning: http://localhost:8888/jscalendar/calendar.js, line 1695: unreachable code after return statement
JavaScript warning: http://localhost:8888/jscalendar/calendar.js, line 1695: unreachable code after return statement
JavaScript warning: http://localhost:8888/jscalendar/calendar.js, line 1695: unreachable code after return statement
]]></system-err>
  </testcase>
  <testcase name="createDocumentTest" classname="Documents.CreateDoucumentTest" time="7.693">
    <system-out><![CDATA[createDocumentTest ***** IT execution started ***** 
createDocumentTest ***** Test execution successful ***** 
]]></system-out>
    <system-err><![CDATA[1692461347674	RemoteAgent	INFO	Perform WebSocket upgrade for incoming connection from 127.0.0.1:60677
1692461347680	CDP	WARN	Invalid browser preferences for CDP. Set "fission.webContentIsolationStrategy"to 0 and "fission.bfcacheInParent" to false before Firefox starts.
1692461347685	Marionette	INFO	Stopped listening on port 60623
Dynamically enable window occlusion 1
1692461352766	geckodriver	INFO	Listening on 127.0.0.1:32880
1692461352795	mozrunner::runner	INFO	Running command: "C:\\Program Files (x86)\\Mozilla Firefox\\firefox.exe" "--marionette" "--remote-debugging-port" "29048" "--remote-allow-hosts" "localhost" "--remote-allow-origins" "http://127.0.0.1:29048/,http://localhost:29048/,http://[::1]:29048/" "-no-remote" "-profile" "C:\\Users\\vivek\\AppData\\Local\\Temp\\rust_mozprofile3jXww6"
console.warn: services.settings: Ignoring preference override of remote settings server
console.warn: services.settings: Allow by setting MOZ_REMOTE_SETTINGS_DEVTOOLS=1 in the environment
1692461353200	Marionette	INFO	Marionette enabled
Dynamically enable window occlusion 0
1692461353208	Marionette	INFO	Listening on port 60688
Read port: 60688
WebDriver BiDi listening on ws://127.0.0.1:29048
1692461353438	RemoteAgent	WARN	TLS certificate errors will be ignored for this session
DevTools listening on ws://127.0.0.1:29048/devtools/browser/03004be3-f7aa-4d03-841a-a0acf9320038
console.warn: LoginRecipes: "Falling back to a synchronous message for: http://localhost:8888."
console.warn: LoginRecipes: "Falling back to a synchronous message for: http://localhost:8888."
JavaScript warning: http://localhost:8888/jscalendar/calendar.js, line 1695: unreachable code after return statement
JavaScript warning: http://localhost:8888/jscalendar/calendar.js, line 1695: unreachable code after return statement
JavaScript warning: http://localhost:8888/jscalendar/calendar.js, line 1695: unreachable code after return statement
JavaScript warning: http://localhost:8888/jscalendar/calendar.js, line 1695: unreachable code after return statement
1692461364659	Marionette	WARN	Ignoring event 'pageshow' because document has an invalid readyState of 'interactive'.
]]></system-err>
  </testcase>
  <testcase name="createLeadWithLeadSourceTest" classname="Leads.CreateLeadsWithLeadSourceTest" time="8.635">
    <system-out><![CDATA[createLeadWithLeadSourceTest ***** IT execution started ***** 
Leads page is display 
Create New Lead page is display 
New Leads created sucessfully..!
createLeadWithLeadSourceTest ***** Test execution successful ***** 
]]></system-out>
    <system-err><![CDATA[1692461366812	RemoteAgent	INFO	Perform WebSocket upgrade for incoming connection from 127.0.0.1:60733
1692461366821	CDP	WARN	Invalid browser preferences for CDP. Set "fission.webContentIsolationStrategy"to 0 and "fission.bfcacheInParent" to false before Firefox starts.
1692461366830	Marionette	INFO	Stopped listening on port 60688
Dynamically enable window occlusion 1
1692461372352	geckodriver	INFO	Listening on 127.0.0.1:11433
1692461372379	mozrunner::runner	INFO	Running command: "C:\\Program Files (x86)\\Mozilla Firefox\\firefox.exe" "--marionette" "--remote-debugging-port" "24641" "--remote-allow-hosts" "localhost" "--remote-allow-origins" "http://127.0.0.1:24641/,http://localhost:24641/,http://[::1]:24641/" "-no-remote" "-profile" "C:\\Users\\vivek\\AppData\\Local\\Temp\\rust_mozprofilerx9lP6"
console.warn: services.settings: Ignoring preference override of remote settings server
console.warn: services.settings: Allow by setting MOZ_REMOTE_SETTINGS_DEVTOOLS=1 in the environment
1692461372791	Marionette	INFO	Marionette enabled
Dynamically enable window occlusion 0
1692461372799	Marionette	INFO	Listening on port 60747
Read port: 60747
WebDriver BiDi listening on ws://127.0.0.1:24641
1692461373026	RemoteAgent	WARN	TLS certificate errors will be ignored for this session
DevTools listening on ws://127.0.0.1:24641/devtools/browser/11fb3561-97ea-40bb-b531-8a4a7054201f
console.warn: LoginRecipes: "Falling back to a synchronous message for: http://localhost:8888."
console.warn: LoginRecipes: "Falling back to a synchronous message for: http://localhost:8888."
JavaScript warning: http://localhost:8888/jscalendar/calendar.js, line 1695: unreachable code after return statement
JavaScript warning: http://localhost:8888/jscalendar/calendar.js, line 1695: unreachable code after return statement
JavaScript warning: http://localhost:8888/jscalendar/calendar.js, line 1695: unreachable code after return statement
JavaScript warning: http://localhost:8888/jscalendar/calendar.js, line 1695: unreachable code after return statement
]]></system-err>
  </testcase>
  <testcase name="createOpportunitiesTest" classname="Opportunities.CreateOpportunitiesTest" time="18.916">
    <system-out><![CDATA[createOpportunitiesTest ***** IT execution started ***** 
Opportunities page is diplayed.
Creating New Opportunity page is displyed.
Opprtunity created
createOpportunitiesTest ***** Test execution successful ***** 
]]></system-out>
    <system-err><![CDATA[1692461387802	RemoteAgent	INFO	Perform WebSocket upgrade for incoming connection from 127.0.0.1:60791
1692461387813	CDP	WARN	Invalid browser preferences for CDP. Set "fission.webContentIsolationStrategy"to 0 and "fission.bfcacheInParent" to false before Firefox starts.
1692461387816	Marionette	INFO	Stopped listening on port 60747
Dynamically enable window occlusion 1
1692461392492	geckodriver	INFO	Listening on 127.0.0.1:14910
1692461392517	mozrunner::runner	INFO	Running command: "C:\\Program Files (x86)\\Mozilla Firefox\\firefox.exe" "--marionette" "--remote-debugging-port" "20251" "--remote-allow-hosts" "localhost" "--remote-allow-origins" "http://127.0.0.1:20251/,http://localhost:20251/,http://[::1]:20251/" "-no-remote" "-profile" "C:\\Users\\vivek\\AppData\\Local\\Temp\\rust_mozprofilef4r2H9"
console.warn: services.settings: Ignoring preference override of remote settings server
console.warn: services.settings: Allow by setting MOZ_REMOTE_SETTINGS_DEVTOOLS=1 in the environment
1692461392915	Marionette	INFO	Marionette enabled
Dynamically enable window occlusion 0
1692461392923	Marionette	INFO	Listening on port 60803
Read port: 60803
WebDriver BiDi listening on ws://127.0.0.1:20251
1692461393134	RemoteAgent	WARN	TLS certificate errors will be ignored for this session
DevTools listening on ws://127.0.0.1:20251/devtools/browser/d9b6a90d-6750-4b03-8220-b0f65f1af292
console.warn: LoginRecipes: "Falling back to a synchronous message for: http://localhost:8888."
console.warn: LoginRecipes: "Falling back to a synchronous message for: http://localhost:8888."
JavaScript warning: http://localhost:8888/jscalendar/calendar.js, line 1695: unreachable code after return statement
JavaScript warning: http://localhost:8888/jscalendar/calendar.js, line 1695: unreachable code after return statement
JavaScript warning: http://localhost:8888/jscalendar/calendar.js, line 1695: unreachable code after return statement
JavaScript warning: http://localhost:8888/jscalendar/calendar.js, line 1695: unreachable code after return statement
]]></system-err>
  </testcase>
  <testcase name="createCampaignsTest" classname="Campaigns.CreateCampaignsTest" time="7.838">
    <system-out><![CDATA[createCampaignsTest ***** IT execution started ***** 
Pass
Campaings created.
createCampaignsTest ***** Test execution successful ***** 
]]></system-out>
    <system-err><![CDATA[1692461417530	RemoteAgent	INFO	Perform WebSocket upgrade for incoming connection from 127.0.0.1:60855
1692461417538	CDP	WARN	Invalid browser preferences for CDP. Set "fission.webContentIsolationStrategy"to 0 and "fission.bfcacheInParent" to false before Firefox starts.
1692461417539	Marionette	INFO	Stopped listening on port 60803
Dynamically enable window occlusion 1
1692461422560	geckodriver	INFO	Listening on 127.0.0.1:18263
1692461422598	mozrunner::runner	INFO	Running command: "C:\\Program Files (x86)\\Mozilla Firefox\\firefox.exe" "--marionette" "--remote-debugging-port" "4684" "--remote-allow-hosts" "localhost" "--remote-allow-origins" "http://127.0.0.1:4684/,http://localhost:4684/,http://[::1]:4684/" "-no-remote" "-profile" "C:\\Users\\vivek\\AppData\\Local\\Temp\\rust_mozprofile9UDgHC"
console.warn: services.settings: Ignoring preference override of remote settings server
console.warn: services.settings: Allow by setting MOZ_REMOTE_SETTINGS_DEVTOOLS=1 in the environment
1692461422994	Marionette	INFO	Marionette enabled
Dynamically enable window occlusion 0
1692461423001	Marionette	INFO	Listening on port 60865
Read port: 60865
WebDriver BiDi listening on ws://127.0.0.1:4684
1692461423227	RemoteAgent	WARN	TLS certificate errors will be ignored for this session
DevTools listening on ws://127.0.0.1:4684/devtools/browser/75ffdd82-b76b-4e56-84de-bf8a49d76dbf
console.warn: LoginRecipes: "Falling back to a synchronous message for: http://localhost:8888."
console.warn: LoginRecipes: "Falling back to a synchronous message for: http://localhost:8888."
JavaScript warning: http://localhost:8888/jscalendar/calendar.js, line 1695: unreachable code after return statement
JavaScript warning: http://localhost:8888/jscalendar/calendar.js, line 1695: unreachable code after return statement
JavaScript warning: http://localhost:8888/jscalendar/calendar.js, line 1695: unreachable code after return statement
JavaScript warning: http://localhost:8888/jscalendar/calendar.js, line 1695: unreachable code after return statement
]]></system-err>
  </testcase>
  <testcase name="createContactTest" classname="Contacts.CreateContactTest" time="16.601">
    <system-out><![CDATA[createContactTest ***** IT execution started ***** 
Administrator - Organizations - vtiger CRM 5 - Commercial Open Source CRM
Organisation link click successful
Administrator - Organizations - vtiger CRM 5 - Commercial Open Source CRM
Create Organisation look up IMG link click successful
Organisation & Industry entered successful
Bipro388 create successfully...!
Administrator - Contacts - vtiger CRM 5 - Commercial Open Source CRM
Contacts page display
Administrator - Contacts - vtiger CRM 5 - Commercial Open Source CRM
Contacts page click Successful
Lasname & Orgname entered Successful
Gandhi388 create successfully...!
createContactTest ***** Test execution successful ***** 
]]></system-out>
    <system-err><![CDATA[1692461436598	RemoteAgent	INFO	Perform WebSocket upgrade for incoming connection from 127.0.0.1:60907
1692461436603	CDP	WARN	Invalid browser preferences for CDP. Set "fission.webContentIsolationStrategy"to 0 and "fission.bfcacheInParent" to false before Firefox starts.
1692461436608	Marionette	INFO	Stopped listening on port 60865
Dynamically enable window occlusion 1
1692461444023	geckodriver	INFO	Listening on 127.0.0.1:16354
1692461444039	mozrunner::runner	INFO	Running command: "C:\\Program Files (x86)\\Mozilla Firefox\\firefox.exe" "--marionette" "--remote-debugging-port" "37233" "--remote-allow-hosts" "localhost" "--remote-allow-origins" "http://127.0.0.1:37233/,http://localhost:37233/,http://[::1]:37233/" "-no-remote" "-profile" "C:\\Users\\vivek\\AppData\\Local\\Temp\\rust_mozprofileK7m039"
console.warn: services.settings: Ignoring preference override of remote settings server
console.warn: services.settings: Allow by setting MOZ_REMOTE_SETTINGS_DEVTOOLS=1 in the environment
1692461444465	Marionette	INFO	Marionette enabled
Dynamically enable window occlusion 0
1692461444471	Marionette	INFO	Listening on port 60919
Read port: 60919
WebDriver BiDi listening on ws://127.0.0.1:37233
1692461444677	RemoteAgent	WARN	TLS certificate errors will be ignored for this session
DevTools listening on ws://127.0.0.1:37233/devtools/browser/f6861eea-d5af-434e-8fee-68d1c3313708
console.warn: LoginRecipes: "Falling back to a synchronous message for: http://localhost:8888."
console.warn: LoginRecipes: "Falling back to a synchronous message for: http://localhost:8888."
JavaScript warning: http://localhost:8888/jscalendar/calendar.js, line 1695: unreachable code after return statement
JavaScript warning: http://localhost:8888/jscalendar/calendar.js, line 1695: unreachable code after return statement
JavaScript warning: http://localhost:8888/jscalendar/calendar.js, line 1695: unreachable code after return statement
JavaScript warning: http://localhost:8888/jscalendar/calendar.js, line 1695: unreachable code after return statement
]]></system-err>
  </testcase>
  <testcase name="createNewVendorsTest" classname="Vendors.CreateNewVendorsTest" time="7.189">
    <system-out><![CDATA[ ***** Execution Finished ***** 
 ***** Execution Started ***** 
createNewVendorsTest ***** IT execution started ***** 
]]></system-out>
    <system-err><![CDATA[1692461467534	RemoteAgent	INFO	Perform WebSocket upgrade for incoming connection from 127.0.0.1:60972
1692461467539	CDP	WARN	Invalid browser preferences for CDP. Set "fission.webContentIsolationStrategy"to 0 and "fission.bfcacheInParent" to false before Firefox starts.
1692461467541	Marionette	INFO	Stopped listening on port 60919
Dynamically enable window occlusion 1
1692461474414	geckodriver	INFO	Listening on 127.0.0.1:4190
1692461474464	mozrunner::runner	INFO	Running command: "C:\\Program Files (x86)\\Mozilla Firefox\\firefox.exe" "--marionette" "--remote-debugging-port" "36130" "--remote-allow-hosts" "localhost" "--remote-allow-origins" "http://127.0.0.1:36130/,http://localhost:36130/,http://[::1]:36130/" "-no-remote" "-profile" "C:\\Users\\vivek\\AppData\\Local\\Temp\\rust_mozprofileHhkLVl"
console.warn: services.settings: Ignoring preference override of remote settings server
console.warn: services.settings: Allow by setting MOZ_REMOTE_SETTINGS_DEVTOOLS=1 in the environment
1692461474889	Marionette	INFO	Marionette enabled
Dynamically enable window occlusion 0
1692461474897	Marionette	INFO	Listening on port 60983
Read port: 60983
WebDriver BiDi listening on ws://127.0.0.1:36130
1692461475119	RemoteAgent	WARN	TLS certificate errors will be ignored for this session
DevTools listening on ws://127.0.0.1:36130/devtools/browser/4a02996c-b118-41a5-8708-5d17f944ac96
console.warn: LoginRecipes: "Falling back to a synchronous message for: http://localhost:8888."
console.warn: LoginRecipes: "Falling back to a synchronous message for: http://localhost:8888."
JavaScript warning: http://localhost:8888/jscalendar/calendar.js, line 1695: unreachable code after return statement
JavaScript warning: http://localhost:8888/jscalendar/calendar.js, line 1695: unreachable code after return statement
JavaScript warning: http://localhost:8888/jscalendar/calendar.js, line 1695: unreachable code after return statement
JavaScript warning: http://localhost:8888/jscalendar/calendar.js, line 1695: unreachable code after return statement
]]></system-err>
  </testcase>
</testsuite>