<?xml version="1.0" encoding="UTF-8"?>
<testsuite xmlns:xsi="http://www.w3.org/2001/XMLSchema-instance" xsi:noNamespaceSchemaLocation="https://maven.apache.org/surefire/maven-surefire-plugin/xsd/surefire-test-report-3.0.xsd" version="3.0" name="ServiceContracts.CreateNewServiceContractsTest" time="21.465" tests="1" errors="0" skipped="0" failures="0">
  <properties>
[...]
</properties>
  <testcase name="createNewServiceContractsTest" classname="ServiceContracts.CreateNewServiceContractsTest" time="7.015">
    <system-out><![CDATA[===== DB Connection Successful =====
]]></system-out>
    <system-err><![CDATA[SLF4J: Failed to load class "org.slf4j.impl.StaticLoggerBinder".
SLF4J: Defaulting to no-operation (NOP) logger implementation
SLF4J: See http://www.slf4j.org/codes.html#StaticLoggerBinder for further details.
1692861986750	geckodriver	INFO	Listening on 127.0.0.1:26351
1692861987064	mozrunner::runner	INFO	Running command: "C:\\Program Files (x86)\\Mozilla Firefox\\firefox.exe" "--marionette" "--remote-debugging-port" "28867" "--remote-allow-hosts" "localhost" "--remote-allow-origins" "http://127.0.0.1:28867/,http://localhost:28867/,http://[::1]:28867/" "-no-remote" "-profile" "C:\\Users\\vivek\\AppData\\Local\\Temp\\rust_mozprofilenrrQwr"
console.warn: services.settings: Ignoring preference override of remote settings server
console.warn: services.settings: Allow by setting MOZ_REMOTE_SETTINGS_DEVTOOLS=1 in the environment
1692861987503	Marionette	INFO	Marionette enabled
Dynamically enable window occlusion 0
1692861987509	Marionette	INFO	Listening on port 52121
Read port: 52121
WebDriver BiDi listening on ws://127.0.0.1:28867
1692861987711	RemoteAgent	WARN	TLS certificate errors will be ignored for this session
DevTools listening on ws://127.0.0.1:28867/devtools/browser/4e5ae89a-4f86-45ba-ac92-c2c0fdf2f0c3
console.warn: LoginRecipes: "Falling back to a synchronous message for: http://localhost:8888."
console.warn: LoginRecipes: "Falling back to a synchronous message for: http://localhost:8888."
JavaScript warning: http://localhost:8888/jscalendar/calendar.js, line 1695: unreachable code after return statement
JavaScript warning: http://localhost:8888/jscalendar/calendar.js, line 1695: unreachable code after return statement
JavaScript warning: http://localhost:8888/jscalendar/calendar.js, line 1695: unreachable code after return statement
JavaScript warning: http://localhost:8888/jscalendar/calendar.js, line 1695: unreachable code after return statement
]]></system-err>
  </testcase>
</testsuite>