<?xml version="1.0" encoding="UTF-8"?>
<testng-results ignored="8" total="13" passed="5" failed="0" skipped="0">
  <reporter-output>
    <line>
      <![CDATA[Organisation link click successful]]>
    </line>
    <line>
      <![CDATA[Create Organisation look up IMG link click successful]]>
    </line>
    <line>
      <![CDATA[Organisation & Industry entered successful]]>
    </line>
    <line>
      <![CDATA[Bipro134 create successfully...!]]>
    </line>
    <line>
      <![CDATA[Organisation link click successful]]>
    </line>
    <line>
      <![CDATA[Create Organisation look up IMG link click successful]]>
    </line>
    <line>
      <![CDATA[Organisation & Industry entered successful]]>
    </line>
    <line>
      <![CDATA[Bipro979 create successfully...!]]>
    </line>
    <line>
      <![CDATA[Contacts page display]]>
    </line>
    <line>
      <![CDATA[Contacts page click Successful]]>
    </line>
    <line>
      <![CDATA[Lasname & Orgname entered Successful]]>
    </line>
    <line>
      <![CDATA[Gandhi979 create successfully...!]]>
    </line>
    <line>
      <![CDATA[Leads page is display ]]>
    </line>
    <line>
      <![CDATA[Create New Lead page is display ]]>
    </line>
    <line>
      <![CDATA[New Leads created sucessfully..!]]>
    </line>
    <line>
      <![CDATA[Opportunities page is diplayed.]]>
    </line>
    <line>
      <![CDATA[Creating New Opportunity page is displyed.]]>
    </line>
    <line>
      <![CDATA[Campaings created.]]>
    </line>
  </reporter-output>
  <suite started-at="2023-07-07T23:47:45 IST" name="Suite" finished-at="2023-07-07T23:49:14 IST" duration-ms="89190">
    <groups>
      <group name="RegressionSuit">
        <method signature="CreateContactTest.createContactTest()[pri:0, instance:Contacts.CreateContactTest@245b4bdc]" name="createContactTest" class="Contacts.CreateContactTest"/>
        <method signature="CreateOrganizationWithChemicalsTest.createOrganizationWithChemicalsTest()[pri:0, instance:Organisation.CreateOrganizationWithChemicalsTest@5b239d7d]" name="createOrganizationWithChemicalsTest" class="Organisation.CreateOrganizationWithChemicalsTest"/>
      </group> <!-- RegressionSuit -->
      <group name="SmokeSuit">
        <method signature="CreateContactTest.createContactTest()[pri:0, instance:Contacts.CreateContactTest@245b4bdc]" name="createContactTest" class="Contacts.CreateContactTest"/>
        <method signature="CreateOrganizationWithChemicalsTest.createOrganizationWithChemicalsTest()[pri:0, instance:Organisation.CreateOrganizationWithChemicalsTest@5b239d7d]" name="createOrganizationWithChemicalsTest" class="Organisation.CreateOrganizationWithChemicalsTest"/>
      </group> <!-- SmokeSuit -->
    </groups>
    <test started-at="2023-07-07T23:47:45 IST" name="Test" finished-at="2023-07-07T23:49:14 IST" duration-ms="89190">
      <class name="Opportunities.CreateOpportunitiesTest">
        <test-method is-config="true" signature="BCLaunchBrowser()[pri:0, instance:Opportunities.CreateOpportunitiesTest@6ae5aa72]" started-at="2023-07-07T23:48:41 IST" name="BCLaunchBrowser" finished-at="2023-07-07T23:48:44 IST" duration-ms="2851" status="PASS">
          <reporter-output>
          </reporter-output>
        </test-method> <!-- BCLaunchBrowser -->
        <test-method is-config="true" signature="BMLoginTOApplication()[pri:0, instance:Opportunities.CreateOpportunitiesTest@6ae5aa72]" started-at="2023-07-07T23:48:44 IST" name="BMLoginTOApplication" finished-at="2023-07-07T23:48:47 IST" duration-ms="2850" status="PASS">
          <reporter-output>
          </reporter-output>
        </test-method> <!-- BMLoginTOApplication -->
        <test-method signature="createOpportunitiesTest()[pri:0, instance:Opportunities.CreateOpportunitiesTest@6ae5aa72]" started-at="2023-07-07T23:48:47 IST" name="createOpportunitiesTest" finished-at="2023-07-07T23:48:59 IST" duration-ms="12606" status="PASS">
          <reporter-output>
            <line>
              <![CDATA[Opportunities page is diplayed.]]>
            </line>
            <line>
              <![CDATA[Creating New Opportunity page is displyed.]]>
            </line>
          </reporter-output>
        </test-method> <!-- createOpportunitiesTest -->
        <test-method is-config="true" signature="AMLogoutTOApplication()[pri:0, instance:Opportunities.CreateOpportunitiesTest@6ae5aa72]" started-at="2023-07-07T23:48:59 IST" name="AMLogoutTOApplication" finished-at="2023-07-07T23:48:59 IST" duration-ms="141" status="PASS">
          <reporter-output>
          </reporter-output>
        </test-method> <!-- AMLogoutTOApplication -->
        <test-method is-config="true" signature="ACCloseBrowser()[pri:0, instance:Opportunities.CreateOpportunitiesTest@6ae5aa72]" started-at="2023-07-07T23:48:59 IST" name="ACCloseBrowser" finished-at="2023-07-07T23:49:00 IST" duration-ms="244" status="PASS">
          <reporter-output>
          </reporter-output>
        </test-method> <!-- ACCloseBrowser -->
      </class> <!-- Opportunities.CreateOpportunitiesTest -->
      <class name="Leads.CreateLeadsWithLeadSourceTest">
        <test-method is-config="true" signature="BCLaunchBrowser()[pri:0, instance:Leads.CreateLeadsWithLeadSourceTest@6c64cb25]" started-at="2023-07-07T23:48:26 IST" name="BCLaunchBrowser" finished-at="2023-07-07T23:48:30 IST" duration-ms="3115" status="PASS">
          <reporter-output>
          </reporter-output>
        </test-method> <!-- BCLaunchBrowser -->
        <test-method is-config="true" signature="BMLoginTOApplication()[pri:0, instance:Leads.CreateLeadsWithLeadSourceTest@6c64cb25]" started-at="2023-07-07T23:48:30 IST" name="BMLoginTOApplication" finished-at="2023-07-07T23:48:32 IST" duration-ms="2217" status="PASS">
          <reporter-output>
          </reporter-output>
        </test-method> <!-- BMLoginTOApplication -->
        <test-method signature="createLeadWithLeadSourceTest()[pri:0, instance:Leads.CreateLeadsWithLeadSourceTest@6c64cb25]" started-at="2023-07-07T23:48:32 IST" name="createLeadWithLeadSourceTest" finished-at="2023-07-07T23:48:41 IST" duration-ms="8921" status="PASS">
          <reporter-output>
            <line>
              <![CDATA[Leads page is display ]]>
            </line>
            <line>
              <![CDATA[Create New Lead page is display ]]>
            </line>
            <line>
              <![CDATA[New Leads created sucessfully..!]]>
            </line>
          </reporter-output>
        </test-method> <!-- createLeadWithLeadSourceTest -->
        <test-method is-config="true" signature="AMLogoutTOApplication()[pri:0, instance:Leads.CreateLeadsWithLeadSourceTest@6c64cb25]" started-at="2023-07-07T23:48:41 IST" name="AMLogoutTOApplication" finished-at="2023-07-07T23:48:41 IST" duration-ms="146" status="PASS">
          <reporter-output>
          </reporter-output>
        </test-method> <!-- AMLogoutTOApplication -->
        <test-method is-config="true" signature="ACCloseBrowser()[pri:0, instance:Leads.CreateLeadsWithLeadSourceTest@6c64cb25]" started-at="2023-07-07T23:48:41 IST" name="ACCloseBrowser" finished-at="2023-07-07T23:48:41 IST" duration-ms="171" status="PASS">
          <reporter-output>
          </reporter-output>
        </test-method> <!-- ACCloseBrowser -->
      </class> <!-- Leads.CreateLeadsWithLeadSourceTest -->
      <class name="Organisation.CreateOrganizationWithChemicalsTest">
        <test-method is-config="true" signature="BS()[pri:0, instance:Organisation.CreateOrganizationWithChemicalsTest@5b239d7d]" started-at="2023-07-07T23:47:44 IST" name="BS" finished-at="2023-07-07T23:47:45 IST" duration-ms="10" status="PASS">
          <reporter-output>
          </reporter-output>
        </test-method> <!-- BS -->
        <test-method is-config="true" signature="BCLaunchBrowser()[pri:0, instance:Organisation.CreateOrganizationWithChemicalsTest@5b239d7d]" started-at="2023-07-07T23:47:45 IST" name="BCLaunchBrowser" finished-at="2023-07-07T23:47:50 IST" duration-ms="4733" status="PASS">
          <reporter-output>
          </reporter-output>
        </test-method> <!-- BCLaunchBrowser -->
        <test-method is-config="true" signature="BMLoginTOApplication()[pri:0, instance:Organisation.CreateOrganizationWithChemicalsTest@5b239d7d]" started-at="2023-07-07T23:47:50 IST" name="BMLoginTOApplication" finished-at="2023-07-07T23:47:52 IST" duration-ms="2041" status="PASS">
          <reporter-output>
          </reporter-output>
        </test-method> <!-- BMLoginTOApplication -->
        <test-method signature="createOrganizationWithChemicalsTest()[pri:0, instance:Organisation.CreateOrganizationWithChemicalsTest@5b239d7d]" started-at="2023-07-07T23:47:52 IST" name="createOrganizationWithChemicalsTest" finished-at="2023-07-07T23:48:01 IST" duration-ms="9732" status="PASS">
          <reporter-output>
            <line>
              <![CDATA[Organisation link click successful]]>
            </line>
            <line>
              <![CDATA[Create Organisation look up IMG link click successful]]>
            </line>
            <line>
              <![CDATA[Organisation & Industry entered successful]]>
            </line>
            <line>
              <![CDATA[Bipro134 create successfully...!]]>
            </line>
          </reporter-output>
        </test-method> <!-- createOrganizationWithChemicalsTest -->
        <test-method is-config="true" signature="AMLogoutTOApplication()[pri:0, instance:Organisation.CreateOrganizationWithChemicalsTest@5b239d7d]" started-at="2023-07-07T23:48:01 IST" name="AMLogoutTOApplication" finished-at="2023-07-07T23:48:02 IST" duration-ms="156" status="PASS">
          <reporter-output>
          </reporter-output>
        </test-method> <!-- AMLogoutTOApplication -->
        <test-method is-config="true" signature="ACCloseBrowser()[pri:0, instance:Organisation.CreateOrganizationWithChemicalsTest@5b239d7d]" started-at="2023-07-07T23:48:02 IST" name="ACCloseBrowser" finished-at="2023-07-07T23:48:02 IST" duration-ms="233" status="PASS">
          <reporter-output>
          </reporter-output>
        </test-method> <!-- ACCloseBrowser -->
        <test-method is-config="true" signature="AS()[pri:0, instance:Organisation.CreateOrganizationWithChemicalsTest@5b239d7d]" started-at="2023-07-07T23:49:14 IST" name="AS" finished-at="2023-07-07T23:49:14 IST" duration-ms="1" status="PASS">
          <reporter-output>
          </reporter-output>
        </test-method> <!-- AS -->
      </class> <!-- Organisation.CreateOrganizationWithChemicalsTest -->
      <class name="Campaigns.CreateCampaignsTest">
        <test-method is-config="true" signature="BCLaunchBrowser()[pri:0, instance:Campaigns.CreateCampaignsTest@222545dc]" started-at="2023-07-07T23:49:00 IST" name="BCLaunchBrowser" finished-at="2023-07-07T23:49:03 IST" duration-ms="2954" status="PASS">
          <reporter-output>
          </reporter-output>
        </test-method> <!-- BCLaunchBrowser -->
        <test-method is-config="true" signature="BMLoginTOApplication()[pri:0, instance:Campaigns.CreateCampaignsTest@222545dc]" started-at="2023-07-07T23:49:03 IST" name="BMLoginTOApplication" finished-at="2023-07-07T23:49:05 IST" duration-ms="2773" status="PASS">
          <reporter-output>
          </reporter-output>
        </test-method> <!-- BMLoginTOApplication -->
        <test-method signature="createCampaignsTest()[pri:0, instance:Campaigns.CreateCampaignsTest@222545dc]" started-at="2023-07-07T23:49:05 IST" name="createCampaignsTest" finished-at="2023-07-07T23:49:13 IST" duration-ms="7947" status="PASS">
          <reporter-output>
            <line>
              <![CDATA[Campaings created.]]>
            </line>
          </reporter-output>
        </test-method> <!-- createCampaignsTest -->
        <test-method is-config="true" signature="AMLogoutTOApplication()[pri:0, instance:Campaigns.CreateCampaignsTest@222545dc]" started-at="2023-07-07T23:49:13 IST" name="AMLogoutTOApplication" finished-at="2023-07-07T23:49:14 IST" duration-ms="151" status="PASS">
          <reporter-output>
          </reporter-output>
        </test-method> <!-- AMLogoutTOApplication -->
        <test-method is-config="true" signature="ACCloseBrowser()[pri:0, instance:Campaigns.CreateCampaignsTest@222545dc]" started-at="2023-07-07T23:49:14 IST" name="ACCloseBrowser" finished-at="2023-07-07T23:49:14 IST" duration-ms="185" status="PASS">
          <reporter-output>
          </reporter-output>
        </test-method> <!-- ACCloseBrowser -->
      </class> <!-- Campaigns.CreateCampaignsTest -->
      <class name="Contacts.CreateContactTest">
        <test-method is-config="true" signature="BCLaunchBrowser()[pri:0, instance:Contacts.CreateContactTest@245b4bdc]" started-at="2023-07-07T23:48:02 IST" name="BCLaunchBrowser" finished-at="2023-07-07T23:48:05 IST" duration-ms="2955" status="PASS">
          <reporter-output>
          </reporter-output>
        </test-method> <!-- BCLaunchBrowser -->
        <test-method is-config="true" signature="BMLoginTOApplication()[pri:0, instance:Contacts.CreateContactTest@245b4bdc]" started-at="2023-07-07T23:48:05 IST" name="BMLoginTOApplication" finished-at="2023-07-07T23:48:07 IST" duration-ms="2027" status="PASS">
          <reporter-output>
          </reporter-output>
        </test-method> <!-- BMLoginTOApplication -->
        <test-method signature="createContactTest()[pri:0, instance:Contacts.CreateContactTest@245b4bdc]" started-at="2023-07-07T23:48:07 IST" name="createContactTest" finished-at="2023-07-07T23:48:26 IST" duration-ms="19134" status="PASS">
          <reporter-output>
            <line>
              <![CDATA[Organisation link click successful]]>
            </line>
            <line>
              <![CDATA[Create Organisation look up IMG link click successful]]>
            </line>
            <line>
              <![CDATA[Organisation & Industry entered successful]]>
            </line>
            <line>
              <![CDATA[Bipro979 create successfully...!]]>
            </line>
            <line>
              <![CDATA[Contacts page display]]>
            </line>
            <line>
              <![CDATA[Contacts page click Successful]]>
            </line>
            <line>
              <![CDATA[Lasname & Orgname entered Successful]]>
            </line>
            <line>
              <![CDATA[Gandhi979 create successfully...!]]>
            </line>
          </reporter-output>
        </test-method> <!-- createContactTest -->
        <test-method is-config="true" signature="AMLogoutTOApplication()[pri:0, instance:Contacts.CreateContactTest@245b4bdc]" started-at="2023-07-07T23:48:26 IST" name="AMLogoutTOApplication" finished-at="2023-07-07T23:48:26 IST" duration-ms="166" status="PASS">
          <reporter-output>
          </reporter-output>
        </test-method> <!-- AMLogoutTOApplication -->
        <test-method is-config="true" signature="ACCloseBrowser()[pri:0, instance:Contacts.CreateContactTest@245b4bdc]" started-at="2023-07-07T23:48:26 IST" name="ACCloseBrowser" finished-at="2023-07-07T23:48:26 IST" duration-ms="368" status="PASS">
          <reporter-output>
          </reporter-output>
        </test-method> <!-- ACCloseBrowser -->
      </class> <!-- Contacts.CreateContactTest -->
    </test> <!-- Test -->
  </suite> <!-- Suite -->
</testng-results>
