<?xml version="1.0" encoding="UTF-8"?>
<testng-results ignored="6" total="10" passed="4" failed="0" skipped="0">
  <reporter-output>
    <line>
      <![CDATA[Organisation link click successful]]>
    </line>
    <line>
      <![CDATA[Create Organisation look up IMG link click successful]]>
    </line>
    <line>
      <![CDATA[Organisation & Industry entered successful]]>
    </line>
    <line>
      <![CDATA[Bipro352 create successfully...!]]>
    </line>
    <line>
      <![CDATA[Organisation link click successful]]>
    </line>
    <line>
      <![CDATA[Create Organisation look up IMG link click successful]]>
    </line>
    <line>
      <![CDATA[Organisation & Industry entered successful]]>
    </line>
    <line>
      <![CDATA[Bipro27 create successfully...!]]>
    </line>
    <line>
      <![CDATA[Contacts page display]]>
    </line>
    <line>
      <![CDATA[Contacts page click Successful]]>
    </line>
    <line>
      <![CDATA[Lasname & Orgname entered Successful]]>
    </line>
    <line>
      <![CDATA[Gandhi27 create successfully...!]]>
    </line>
    <line>
      <![CDATA[Leads page is display ]]>
    </line>
    <line>
      <![CDATA[Create New Lead page is display ]]>
    </line>
    <line>
      <![CDATA[New Leads created sucessfully..!]]>
    </line>
    <line>
      <![CDATA[Opportunities page is diplayed.]]>
    </line>
    <line>
      <![CDATA[Creating New Opportunity page is displyed.]]>
    </line>
  </reporter-output>
  <suite started-at="2023-07-03T12:43:33 IST" name="Suite" finished-at="2023-07-03T12:45:19 IST" duration-ms="105609">
    <groups>
      <group name="RegressionSuit">
        <method signature="CreateContactTest.createContactTest()[pri:0, instance:Contacts.CreateContactTest@515aebb0]" name="createContactTest" class="Contacts.CreateContactTest"/>
        <method signature="CreateOrganizationWithChemicalsTest.createOrganizationWithChemicalsTest()[pri:0, instance:Organisation.CreateOrganizationWithChemicalsTest@5876a9af]" name="createOrganizationWithChemicalsTest" class="Organisation.CreateOrganizationWithChemicalsTest"/>
      </group> <!-- RegressionSuit -->
      <group name="SmokeSuit">
        <method signature="CreateContactTest.createContactTest()[pri:0, instance:Contacts.CreateContactTest@515aebb0]" name="createContactTest" class="Contacts.CreateContactTest"/>
        <method signature="CreateOrganizationWithChemicalsTest.createOrganizationWithChemicalsTest()[pri:0, instance:Organisation.CreateOrganizationWithChemicalsTest@5876a9af]" name="createOrganizationWithChemicalsTest" class="Organisation.CreateOrganizationWithChemicalsTest"/>
      </group> <!-- SmokeSuit -->
    </groups>
    <test started-at="2023-07-03T12:43:33 IST" name="Test" finished-at="2023-07-03T12:45:19 IST" duration-ms="105609">
      <class name="Leads.CreateLeadsWithLeadSourceTest">
        <test-method is-config="true" signature="BCLaunchBrowser()[pri:0, instance:Leads.CreateLeadsWithLeadSourceTest@dd8ba08]" started-at="2023-07-03T12:44:27 IST" name="BCLaunchBrowser" finished-at="2023-07-03T12:44:29 IST" duration-ms="2226" status="PASS">
          <reporter-output>
          </reporter-output>
        </test-method> <!-- BCLaunchBrowser -->
        <test-method is-config="true" signature="BMLoginTOApplication()[pri:0, instance:Leads.CreateLeadsWithLeadSourceTest@dd8ba08]" started-at="2023-07-03T12:44:29 IST" name="BMLoginTOApplication" finished-at="2023-07-03T12:44:35 IST" duration-ms="6350" status="PASS">
          <reporter-output>
          </reporter-output>
        </test-method> <!-- BMLoginTOApplication -->
        <test-method signature="createLeadWithLeadSourceTest()[pri:0, instance:Leads.CreateLeadsWithLeadSourceTest@dd8ba08]" started-at="2023-07-03T12:44:35 IST" name="createLeadWithLeadSourceTest" finished-at="2023-07-03T12:44:45 IST" duration-ms="9476" status="PASS">
          <reporter-output>
            <line>
              <![CDATA[Leads page is display ]]>
            </line>
            <line>
              <![CDATA[Create New Lead page is display ]]>
            </line>
            <line>
              <![CDATA[New Leads created sucessfully..!]]>
            </line>
          </reporter-output>
        </test-method> <!-- createLeadWithLeadSourceTest -->
        <test-method is-config="true" signature="AMLogoutTOApplication()[pri:0, instance:Leads.CreateLeadsWithLeadSourceTest@dd8ba08]" started-at="2023-07-03T12:44:45 IST" name="AMLogoutTOApplication" finished-at="2023-07-03T12:44:45 IST" duration-ms="169" status="PASS">
          <reporter-output>
          </reporter-output>
        </test-method> <!-- AMLogoutTOApplication -->
        <test-method is-config="true" signature="ACCloseBrowser()[pri:0, instance:Leads.CreateLeadsWithLeadSourceTest@dd8ba08]" started-at="2023-07-03T12:44:45 IST" name="ACCloseBrowser" finished-at="2023-07-03T12:44:45 IST" duration-ms="244" status="PASS">
          <reporter-output>
          </reporter-output>
        </test-method> <!-- ACCloseBrowser -->
      </class> <!-- Leads.CreateLeadsWithLeadSourceTest -->
      <class name="Opportunities.CreateOpportunitiesTest">
        <test-method is-config="true" signature="BCLaunchBrowser()[pri:0, instance:Opportunities.CreateOpportunitiesTest@245b4bdc]" started-at="2023-07-03T12:44:45 IST" name="BCLaunchBrowser" finished-at="2023-07-03T12:44:47 IST" duration-ms="2448" status="PASS">
          <reporter-output>
          </reporter-output>
        </test-method> <!-- BCLaunchBrowser -->
        <test-method is-config="true" signature="BMLoginTOApplication()[pri:0, instance:Opportunities.CreateOpportunitiesTest@245b4bdc]" started-at="2023-07-03T12:44:47 IST" name="BMLoginTOApplication" finished-at="2023-07-03T12:44:54 IST" duration-ms="6342" status="PASS">
          <reporter-output>
          </reporter-output>
        </test-method> <!-- BMLoginTOApplication -->
        <test-method signature="createOpportunitiesTest()[pri:0, instance:Opportunities.CreateOpportunitiesTest@245b4bdc]" started-at="2023-07-03T12:44:54 IST" name="createOpportunitiesTest" finished-at="2023-07-03T12:45:18 IST" duration-ms="24394" status="PASS">
          <reporter-output>
            <line>
              <![CDATA[Opportunities page is diplayed.]]>
            </line>
            <line>
              <![CDATA[Creating New Opportunity page is displyed.]]>
            </line>
          </reporter-output>
        </test-method> <!-- createOpportunitiesTest -->
        <test-method is-config="true" signature="AMLogoutTOApplication()[pri:0, instance:Opportunities.CreateOpportunitiesTest@245b4bdc]" started-at="2023-07-03T12:45:18 IST" name="AMLogoutTOApplication" finished-at="2023-07-03T12:45:18 IST" duration-ms="172" status="PASS">
          <reporter-output>
          </reporter-output>
        </test-method> <!-- AMLogoutTOApplication -->
        <test-method is-config="true" signature="ACCloseBrowser()[pri:0, instance:Opportunities.CreateOpportunitiesTest@245b4bdc]" started-at="2023-07-03T12:45:18 IST" name="ACCloseBrowser" finished-at="2023-07-03T12:45:19 IST" duration-ms="252" status="PASS">
          <reporter-output>
          </reporter-output>
        </test-method> <!-- ACCloseBrowser -->
      </class> <!-- Opportunities.CreateOpportunitiesTest -->
      <class name="Organisation.CreateOrganizationWithChemicalsTest">
        <test-method is-config="true" signature="BS()[pri:0, instance:Organisation.CreateOrganizationWithChemicalsTest@5876a9af]" started-at="2023-07-03T12:43:33 IST" name="BS" finished-at="2023-07-03T12:43:33 IST" duration-ms="8" status="PASS">
          <reporter-output>
          </reporter-output>
        </test-method> <!-- BS -->
        <test-method is-config="true" signature="BCLaunchBrowser()[pri:0, instance:Organisation.CreateOrganizationWithChemicalsTest@5876a9af]" started-at="2023-07-03T12:43:33 IST" name="BCLaunchBrowser" finished-at="2023-07-03T12:43:38 IST" duration-ms="4455" status="PASS">
          <reporter-output>
          </reporter-output>
        </test-method> <!-- BCLaunchBrowser -->
        <test-method is-config="true" signature="BMLoginTOApplication()[pri:0, instance:Organisation.CreateOrganizationWithChemicalsTest@5876a9af]" started-at="2023-07-03T12:43:38 IST" name="BMLoginTOApplication" finished-at="2023-07-03T12:43:44 IST" duration-ms="6052" status="PASS">
          <reporter-output>
          </reporter-output>
        </test-method> <!-- BMLoginTOApplication -->
        <test-method signature="createOrganizationWithChemicalsTest()[pri:0, instance:Organisation.CreateOrganizationWithChemicalsTest@5876a9af]" started-at="2023-07-03T12:43:44 IST" name="createOrganizationWithChemicalsTest" finished-at="2023-07-03T12:43:55 IST" duration-ms="10932" status="PASS">
          <reporter-output>
            <line>
              <![CDATA[Organisation link click successful]]>
            </line>
            <line>
              <![CDATA[Create Organisation look up IMG link click successful]]>
            </line>
            <line>
              <![CDATA[Organisation & Industry entered successful]]>
            </line>
            <line>
              <![CDATA[Bipro352 create successfully...!]]>
            </line>
          </reporter-output>
        </test-method> <!-- createOrganizationWithChemicalsTest -->
        <test-method is-config="true" signature="AMLogoutTOApplication()[pri:0, instance:Organisation.CreateOrganizationWithChemicalsTest@5876a9af]" started-at="2023-07-03T12:43:55 IST" name="AMLogoutTOApplication" finished-at="2023-07-03T12:43:55 IST" duration-ms="189" status="PASS">
          <reporter-output>
          </reporter-output>
        </test-method> <!-- AMLogoutTOApplication -->
        <test-method is-config="true" signature="ACCloseBrowser()[pri:0, instance:Organisation.CreateOrganizationWithChemicalsTest@5876a9af]" started-at="2023-07-03T12:43:55 IST" name="ACCloseBrowser" finished-at="2023-07-03T12:43:55 IST" duration-ms="364" status="PASS">
          <reporter-output>
          </reporter-output>
        </test-method> <!-- ACCloseBrowser -->
        <test-method is-config="true" signature="AS()[pri:0, instance:Organisation.CreateOrganizationWithChemicalsTest@5876a9af]" started-at="2023-07-03T12:45:19 IST" name="AS" finished-at="2023-07-03T12:45:19 IST" duration-ms="0" status="PASS">
          <reporter-output>
          </reporter-output>
        </test-method> <!-- AS -->
      </class> <!-- Organisation.CreateOrganizationWithChemicalsTest -->
      <class name="Contacts.CreateContactTest">
        <test-method is-config="true" signature="BCLaunchBrowser()[pri:0, instance:Contacts.CreateContactTest@515aebb0]" started-at="2023-07-03T12:43:55 IST" name="BCLaunchBrowser" finished-at="2023-07-03T12:43:58 IST" duration-ms="2387" status="PASS">
          <reporter-output>
          </reporter-output>
        </test-method> <!-- BCLaunchBrowser -->
        <test-method is-config="true" signature="BMLoginTOApplication()[pri:0, instance:Contacts.CreateContactTest@515aebb0]" started-at="2023-07-03T12:43:58 IST" name="BMLoginTOApplication" finished-at="2023-07-03T12:44:03 IST" duration-ms="5295" status="PASS">
          <reporter-output>
          </reporter-output>
        </test-method> <!-- BMLoginTOApplication -->
        <test-method signature="createContactTest()[pri:0, instance:Contacts.CreateContactTest@515aebb0]" started-at="2023-07-03T12:44:03 IST" name="createContactTest" finished-at="2023-07-03T12:44:26 IST" duration-ms="23098" status="PASS">
          <reporter-output>
            <line>
              <![CDATA[Organisation link click successful]]>
            </line>
            <line>
              <![CDATA[Create Organisation look up IMG link click successful]]>
            </line>
            <line>
              <![CDATA[Organisation & Industry entered successful]]>
            </line>
            <line>
              <![CDATA[Bipro27 create successfully...!]]>
            </line>
            <line>
              <![CDATA[Contacts page display]]>
            </line>
            <line>
              <![CDATA[Contacts page click Successful]]>
            </line>
            <line>
              <![CDATA[Lasname & Orgname entered Successful]]>
            </line>
            <line>
              <![CDATA[Gandhi27 create successfully...!]]>
            </line>
          </reporter-output>
        </test-method> <!-- createContactTest -->
        <test-method is-config="true" signature="AMLogoutTOApplication()[pri:0, instance:Contacts.CreateContactTest@515aebb0]" started-at="2023-07-03T12:44:26 IST" name="AMLogoutTOApplication" finished-at="2023-07-03T12:44:26 IST" duration-ms="156" status="PASS">
          <reporter-output>
          </reporter-output>
        </test-method> <!-- AMLogoutTOApplication -->
        <test-method is-config="true" signature="ACCloseBrowser()[pri:0, instance:Contacts.CreateContactTest@515aebb0]" started-at="2023-07-03T12:44:26 IST" name="ACCloseBrowser" finished-at="2023-07-03T12:44:27 IST" duration-ms="254" status="PASS">
          <reporter-output>
          </reporter-output>
        </test-method> <!-- ACCloseBrowser -->
      </class> <!-- Contacts.CreateContactTest -->
    </test> <!-- Test -->
  </suite> <!-- Suite -->
</testng-results>
