<?xml version="1.0" encoding="UTF-8"?>
<testng-results ignored="0" total="1" passed="1" failed="0" skipped="0">
  <reporter-output>
    <line>
      <![CDATA[Opportunities page is diplayed.]]>
    </line>
    <line>
      <![CDATA[Creating New Opportunity page is displyed.]]>
    </line>
    <line>
      <![CDATA[Opprtunity created]]>
    </line>
    <line>
      <![CDATA[Campaigns Created.]]>
    </line>
  </reporter-output>
  <suite started-at="2023-07-08T16:06:51 IST" name="Default suite" finished-at="2023-07-08T16:08:04 IST" duration-ms="72708">
    <groups>
    </groups>
    <test started-at="2023-07-08T16:06:51 IST" name="Default test" finished-at="2023-07-08T16:08:04 IST" duration-ms="72708">
      <class name="Opportunities.EditOpportunitiesWithCampaignTest">
        <test-method is-config="true" signature="BS()[pri:0, instance:Opportunities.EditOpportunitiesWithCampaignTest@78691363]" started-at="2023-07-08T16:06:51 IST" name="BS" finished-at="2023-07-08T16:06:51 IST" duration-ms="18" status="PASS">
          <reporter-output>
          </reporter-output>
        </test-method> <!-- BS -->
        <test-method is-config="true" signature="BCLaunchBrowser()[pri:0, instance:Opportunities.EditOpportunitiesWithCampaignTest@78691363]" started-at="2023-07-08T16:06:52 IST" name="BCLaunchBrowser" finished-at="2023-07-08T16:06:57 IST" duration-ms="4866" status="PASS">
          <reporter-output>
          </reporter-output>
        </test-method> <!-- BCLaunchBrowser -->
        <test-method is-config="true" signature="BMLoginTOApplication()[pri:0, instance:Opportunities.EditOpportunitiesWithCampaignTest@78691363]" started-at="2023-07-08T16:06:57 IST" name="BMLoginTOApplication" finished-at="2023-07-08T16:07:01 IST" duration-ms="3718" status="PASS">
          <reporter-output>
          </reporter-output>
        </test-method> <!-- BMLoginTOApplication -->
        <test-method signature="editOpportunitiesWithCampaignTest()[pri:0, instance:Opportunities.EditOpportunitiesWithCampaignTest@78691363]" started-at="2023-07-08T16:07:01 IST" name="editOpportunitiesWithCampaignTest" finished-at="2023-07-08T16:08:04 IST" duration-ms="62901" status="PASS">
          <reporter-output>
            <line>
              <![CDATA[Opportunities page is diplayed.]]>
            </line>
            <line>
              <![CDATA[Creating New Opportunity page is displyed.]]>
            </line>
            <line>
              <![CDATA[Opprtunity created]]>
            </line>
            <line>
              <![CDATA[Campaigns Created.]]>
            </line>
          </reporter-output>
        </test-method> <!-- editOpportunitiesWithCampaignTest -->
        <test-method is-config="true" signature="AMLogoutTOApplication()[pri:0, instance:Opportunities.EditOpportunitiesWithCampaignTest@78691363]" started-at="2023-07-08T16:08:04 IST" name="AMLogoutTOApplication" finished-at="2023-07-08T16:08:04 IST" duration-ms="148" status="PASS">
          <reporter-output>
          </reporter-output>
        </test-method> <!-- AMLogoutTOApplication -->
        <test-method is-config="true" signature="ACCloseBrowser()[pri:0, instance:Opportunities.EditOpportunitiesWithCampaignTest@78691363]" started-at="2023-07-08T16:08:04 IST" name="ACCloseBrowser" finished-at="2023-07-08T16:08:04 IST" duration-ms="368" status="PASS">
          <reporter-output>
          </reporter-output>
        </test-method> <!-- ACCloseBrowser -->
        <test-method is-config="true" signature="AS()[pri:0, instance:Opportunities.EditOpportunitiesWithCampaignTest@78691363]" started-at="2023-07-08T16:08:05 IST" name="AS" finished-at="2023-07-08T16:08:05 IST" duration-ms="0" status="PASS">
          <reporter-output>
          </reporter-output>
        </test-method> <!-- AS -->
      </class> <!-- Opportunities.EditOpportunitiesWithCampaignTest -->
    </test> <!-- Default test -->
  </suite> <!-- Default suite -->
</testng-results>
