<?xml version="1.0" encoding="UTF-8"?>
<!-- Generated by org.testng.reporters.JUnitReportReporter -->
<testsuite hostname="Vivek" failures="0" tests="1" name="Assets.CreateNewAssetTest" time="47.831" errors="0" timestamp="2023-08-06T01:23:35 IST" skipped="0">
  <testcase classname="Assets.CreateNewAssetTest" name="creatNewAssetTest" time="47.831"/>
  <system-out>
    <![CDATA[Organisation link click successful
Create Organisation look up IMG link click successful
Organisation & Industry entered successful
Bipro215 create successfully...!]]>
  </system-out>
</testsuite> <!-- Assets.CreateNewAssetTest -->
