<?xml version="1.0" encoding="UTF-8"?>
<!-- Generated by org.testng.reporters.JUnitReportReporter -->
<testsuite hostname="Vivek" failures="0" tests="1" name="Opportunities.CreateOpportunitiesTest" time="20.844" errors="0" timestamp="2023-08-19T21:41:30 IST" skipped="0">
  <testcase classname="Opportunities.CreateOpportunitiesTest" name="createOpportunitiesTest" time="20.844"/>
  <system-out>
    <![CDATA[Opportunities page is diplayed.
Creating New Opportunity page is displyed.
Opprtunity created]]>
  </system-out>
</testsuite> <!-- Opportunities.CreateOpportunitiesTest -->
