<?xml version="1.0" encoding="UTF-8"?>
<!-- Generated by org.testng.reporters.JUnitReportReporter -->
<testsuite hostname="Vivek" failures="0" tests="1" name="Contacts.CreateContactTest" time="71.796" errors="0" timestamp="2023-07-05T13:55:17 IST" skipped="0">
  <testcase classname="Contacts.CreateContactTest" name="createContactTest" time="71.796"/>
  <system-out>
    <![CDATA[Organisation link click successful
Create Organisation look up IMG link click successful
Organisation & Industry entered successful
Bipro952 create successfully...!
Contacts page display
Contacts page click Successful
Lasname & Orgname entered Successful
Gandhi952 create successfully...!]]>
  </system-out>
</testsuite> <!-- Contacts.CreateContactTest -->
